<?xml version="1.0" encoding="UTF-8"?>
<!-- Generated by org.testng.reporters.JUnitReportReporter -->
<testsuite skipped="0" hostname="ntpc02017" name="com.automation.tests.Test001_VerifyLogin" tests="1" failures="0" timestamp="06 Oct 2017 09:16:11 GMT" time="17.387" errors="0">
  <testcase name="VerifyLogin" time="17.387" classname="com.automation.tests.Test001_VerifyLogin"/>
</testsuite> <!-- com.automation.tests.Test001_VerifyLogin -->
